[10:53:39] [main/INFO] (FabricLoader/GameProvider) Loading Minecraft 1.21.11 with Fabric Loader 0.19.3
[10:53:39] [main/DEBUG] (FabricLoader/GamePatch) Found game constructor: net.minecraft.client.main.Main -> net.minecraft.client.Minecraft
[10:53:39] [main/DEBUG] (FabricLoader/GamePatch) Patching game constructor <init>(Lnet/minecraft/client/main/GameConfig;)V
[10:53:39] [main/DEBUG] (FabricLoader/GamePatch) Run directory field is thought to be net/minecraft/client/Minecraft/gameDirectory
[10:53:39] [main/DEBUG] (FabricLoader/GamePatch) Applying brand name hook to net/minecraft/client/ClientBrandRetriever::getClientModName
[10:53:39] [main/DEBUG] (FabricLoader/GamePatch) Applying brand name hook to net/minecraft/server/MinecraftServer::getServerModName
[10:53:39] [main/DEBUG] (FabricLoader/GamePatch) Patched 3 classs
[10:53:39] [main/DEBUG] (FabricLoader/Discovery) Mod discovery time: 22,9 ms
[10:53:39] [main/DEBUG] (FabricLoader/Resolution) Mod resolution time: 57,0 ms
[10:53:39] [main/INFO] (FabricLoader) Loading 52 mods:
	- fabric-api 0.141.4+1.21.11
	- fabric-api-base 1.0.5+4ebb5c083e
	- fabric-api-lookup-api-v1 1.6.114+20dc27073e
	- fabric-biome-api-v1 17.1.1+4fc5413f3e
	- fabric-block-api-v1 1.1.10+4ebb5c083e
	- fabric-block-view-api-v2 1.0.39+4ebb5c083e
	- fabric-client-gametest-api-v1 4.3.5+bfe9fcf43e
	- fabric-command-api-v2 2.4.7+6b42a6003e
	- fabric-content-registries-v0 10.2.14+4fc5413f3e
	- fabric-convention-tags-v1 2.1.55+7f945d5b3e
	- fabric-convention-tags-v2 2.17.3+8ef948ba3e
	- fabric-crash-report-info-v1 0.3.23+4ebb5c083e
	- fabric-data-attachment-api-v1 1.8.48+eed0806f3e
	- fabric-data-generation-api-v1 23.4.1+69974c4e3e
	- fabric-dimensions-v1 4.0.28+4fc5413f3e
	- fabric-entity-events-v1 3.1.1+1d0ab4303e
	- fabric-events-interaction-v0 4.1.1+3b89ecf63e
	- fabric-game-rule-api-v1 2.0.3+4fc5413f3e
	- fabric-gametest-api-v1 3.1.27+4fc5413f3e
	- fabric-item-api-v1 11.5.20+d0c46b9e3e
	- fabric-item-group-api-v1 4.2.36+4fc5413f3e
	- fabric-key-binding-api-v1 1.1.7+4fc5413f3e
	- fabric-lifecycle-events-v1 2.6.15+4ebb5c083e
	- fabric-loot-api-v2 3.0.73+3f89f5a53e
	- fabric-loot-api-v3 2.0.20+78c8b4663e
	- fabric-message-api-v1 6.1.12+4ebb5c083e
	- fabric-model-loading-api-v1 6.0.15+4fc5413f3e
	- fabric-networking-api-v1 5.1.6+6b6d71a53e
	- fabric-object-builder-api-v1 21.1.40+4fc5413f3e
	- fabric-particles-v1 4.2.12+4fc5413f3e
	- fabric-recipe-api-v1 8.2.4+4ebb5c083e
	- fabric-registry-sync-v0 6.2.6+1718722b3e
	- fabric-renderer-api-v1 8.0.3+f4ffd2e53e
	- fabric-renderer-indigo 5.0.3+f4ffd2e53e
	- fabric-rendering-fluids-v1 3.1.43+4ebb5c083e
	- fabric-rendering-v1 16.2.10+0290ad933e
	- fabric-resource-conditions-api-v1 5.0.35+4fc5413f3e
	- fabric-resource-loader-v0 3.3.4+4fc5413f3e
	- fabric-resource-loader-v1 1.0.10+78c8b4663e
	- fabric-screen-api-v1 3.1.7+4ebb5c083e
	- fabric-screen-handler-api-v1 1.3.162+4fc5413f3e
	- fabric-serialization-api-v1 1.0.5+4ebb5c083e
	- fabric-sound-api-v1 1.0.51+4fc5413f3e
	- fabric-tag-api-v1 1.2.20+4fc5413f3e
	- fabric-transfer-api-v1 6.0.25+4fc5413f3e
	- fabric-transitive-access-wideners-v1 7.1.0+014c8cec3e
	- fabricloader 0.19.3
	- fishblocker 1.0.0
	- java 21
	- libninepatch 1.2.0
	- minecraft 1.21.11
	- mixinextras 0.5.4
[10:53:39] [main/DEBUG] (FabricLoader/Knot) Adding C:\Users\daniel\.gradle\caches\modules-2\files-2.1\io.github.llamalad7\mixinextras-fabric\0.5.4\5e167154bcb9942111313a5e186e16cd7265f858\mixinextras-fabric-0.5.4.jar to classpath.
[10:53:39] [main/DEBUG] (FabricLoader/Knot) Adding C:\Users\daniel\Desktop\Fishblocker-Mod\Fishblocker\.gradle\loom-cache\remapped_mods\remapped\net\fabricmc\fabric-api\fabric-api-lookup-api-v1-4abd26ae\1.6.114+20dc27073e\fabric-api-lookup-api-v1-4abd26ae-1.6.114+20dc27073e.jar to classpath.
[10:53:39] [main/DEBUG] (FabricLoader/Knot) Adding C:\Users\daniel\Desktop\Fishblocker-Mod\Fishblocker\.gradle\loom-cache\remapped_mods\remapped\net\fabricmc\fabric-api\fabric-api-4abd26ae\0.141.4+1.21.11\fabric-api-4abd26ae-0.141.4+1.21.11.jar to classpath.
[10:53:39] [main/DEBUG] (FabricLoader/Knot) Adding C:\Users\daniel\Desktop\Fishblocker-Mod\Fishblocker\.gradle\loom-cache\remapped_mods\remapped\net\fabricmc\fabric-api\fabric-resource-loader-v0-4abd26ae\3.3.4+4fc5413f3e\fabric-resource-loader-v0-4abd26ae-3.3.4+4fc5413f3e.jar to classpath.
[10:53:39] [main/DEBUG] (FabricLoader/Knot) Adding C:\Users\daniel\Desktop\Fishblocker-Mod\Fishblocker\.gradle\loom-cache\remapped_mods\remapped\net\fabricmc\fabric-api\fabric-rendering-v1-4abd26ae\16.2.10+0290ad933e\fabric-rendering-v1-4abd26ae-16.2.10+0290ad933e.jar to classpath.
[10:53:39] [main/DEBUG] (FabricLoader/Knot) Adding C:\Users\daniel\Desktop\Fishblocker-Mod\Fishblocker\.gradle\loom-cache\remapped_mods\remapped\net\fabricmc\fabric-api\fabric-loot-api-v3-4abd26ae\2.0.20+78c8b4663e\fabric-loot-api-v3-4abd26ae-2.0.20+78c8b4663e.jar to classpath.
[10:53:39] [main/DEBUG] (FabricLoader/Knot) Adding C:\Users\daniel\Desktop\Fishblocker-Mod\Fishblocker\.gradle\loom-cache\remapped_mods\remapped\net\fabricmc\fabric-api\fabric-renderer-indigo-4abd26ae\5.0.3+f4ffd2e53e\fabric-renderer-indigo-4abd26ae-5.0.3+f4ffd2e53e.jar to classpath.
[10:53:39] [main/DEBUG] (FabricLoader/Knot) Adding C:\Users\daniel\Desktop\Fishblocker-Mod\Fishblocker\.gradle\loom-cache\remapped_mods\remapped\net\fabricmc\fabric-api\fabric-particles-v1-4abd26ae\4.2.12+4fc5413f3e\fabric-particles-v1-4abd26ae-4.2.12+4fc5413f3e.jar to classpath.
[10:53:39] [main/DEBUG] (FabricLoader/Knot) Adding C:\Users\daniel\Desktop\Fishblocker-Mod\Fishblocker\.gradle\loom-cache\remapped_mods\remapped\net\fabricmc\fabric-api\fabric-model-loading-api-v1-4abd26ae\6.0.15+4fc5413f3e\fabric-model-loading-api-v1-4abd26ae-6.0.15+4fc5413f3e.jar to classpath.
[10:53:39] [main/DEBUG] (FabricLoader/Knot) Adding C:\Users\daniel\Desktop\Fishblocker-Mod\Fishblocker\.gradle\loom-cache\remapped_mods\remapped\net\fabricmc\fabric-api\fabric-command-api-v2-4abd26ae\2.4.7+6b42a6003e\fabric-command-api-v2-4abd26ae-2.4.7+6b42a6003e.jar to classpath.
[10:53:39] [main/DEBUG] (FabricLoader/Knot) Adding C:\Users\daniel\Desktop\Fishblocker-Mod\Fishblocker\.gradle\loom-cache\remapped_mods\remapped\net\fabricmc\fabric-api\fabric-client-gametest-api-v1-4abd26ae\4.3.5+bfe9fcf43e\fabric-client-gametest-api-v1-4abd26ae-4.3.5+bfe9fcf43e.jar to classpath.
[10:53:39] [main/DEBUG] (FabricLoader/Knot) Adding C:\Users\daniel\Desktop\Fishblocker-Mod\Fishblocker\.gradle\loom-cache\remapped_mods\remapped\net\fabricmc\fabric-api\fabric-lifecycle-events-v1-4abd26ae\2.6.15+4ebb5c083e\fabric-lifecycle-events-v1-4abd26ae-2.6.15+4ebb5c083e.jar to classpath.
[10:53:39] [main/DEBUG] (FabricLoader/Knot) Adding C:\Users\daniel\Desktop\Fishblocker-Mod\Fishblocker\.gradle\loom-cache\remapped_mods\remapped\net\fabricmc\fabric-api\fabric-item-api-v1-4abd26ae\11.5.20+d0c46b9e3e\fabric-item-api-v1-4abd26ae-11.5.20+d0c46b9e3e.jar to classpath.
[10:53:39] [main/DEBUG] (FabricLoader/Knot) Adding C:\Users\daniel\Desktop\Fishblocker-Mod\Fishblocker\.gradle\loom-cache\remapped_mods\remapped\net\fabricmc\fabric-api\fabric-recipe-api-v1-4abd26ae\8.2.4+4ebb5c083e\fabric-recipe-api-v1-4abd26ae-8.2.4+4ebb5c083e.jar to classpath.
[10:53:39] [main/DEBUG] (FabricLoader/Knot) Adding C:\Users\daniel\Desktop\Fishblocker-Mod\Fishblocker\.gradle\loom-cache\remapped_mods\remapped\net\fabricmc\fabric-api\fabric-loot-api-v2-4abd26ae\3.0.73+3f89f5a53e\fabric-loot-api-v2-4abd26ae-3.0.73+3f89f5a53e.jar to classpath.
[10:53:39] [main/DEBUG] (FabricLoader/Knot) Adding C:\Users\daniel\Desktop\Fishblocker-Mod\Fishblocker\.gradle\loom-cache\remapped_mods\remapped\net\fabricmc\fabric-api\fabric-networking-api-v1-4abd26ae\5.1.6+6b6d71a53e\fabric-networking-api-v1-4abd26ae-5.1.6+6b6d71a53e.jar to classpath.
[10:53:39] [main/DEBUG] (FabricLoader/Knot) Adding C:\Users\daniel\Desktop\Fishblocker-Mod\Fishblocker\.gradle\loom-cache\remapped_mods\remapped\net\fabricmc\fabric-api\fabric-serialization-api-v1-4abd26ae\1.0.5+4ebb5c083e\fabric-serialization-api-v1-4abd26ae-1.0.5+4ebb5c083e.jar to classpath.
[10:53:39] [main/DEBUG] (FabricLoader/Knot) Adding C:\Users\daniel\Desktop\Fishblocker-Mod\Fishblocker\.gradle\loom-cache\remapped_mods\remapped\net\fabricmc\fabric-api\fabric-screen-api-v1-4abd26ae\3.1.7+4ebb5c083e\fabric-screen-api-v1-4abd26ae-3.1.7+4ebb5c083e.jar to classpath.
[10:53:39] [main/DEBUG] (FabricLoader/Knot) Adding C:\Users\daniel\Desktop\Fishblocker-Mod\Fishblocker\.gradle\loom-cache\remapped_mods\remapped\net\fabricmc\fabric-api\fabric-content-registries-v0-4abd26ae\10.2.14+4fc5413f3e\fabric-content-registries-v0-4abd26ae-10.2.14+4fc5413f3e.jar to classpath.
[10:53:39] [main/DEBUG] (FabricLoader/Knot) Adding C:\Users\daniel\Desktop\Fishblocker-Mod\Fishblocker\.gradle\loom-cache\remapped_mods\remapped\net\fabricmc\fabric-api\fabric-gametest-api-v1-4abd26ae\3.1.27+4fc5413f3e\fabric-gametest-api-v1-4abd26ae-3.1.27+4fc5413f3e.jar to classpath.
[10:53:39] [main/DEBUG] (FabricLoader/Knot) Adding C:\Users\daniel\Desktop\Fishblocker-Mod\Fishblocker\.gradle\loom-cache\remapped_mods\remapped\net\fabricmc\fabric-api\fabric-renderer-api-v1-4abd26ae\8.0.3+f4ffd2e53e\fabric-renderer-api-v1-4abd26ae-8.0.3+f4ffd2e53e.jar to classpath.
[10:53:39] [main/DEBUG] (FabricLoader/Knot) Adding C:\Users\daniel\Desktop\Fishblocker-Mod\Fishblocker\.gradle\loom-cache\remapped_mods\remapped\net\fabricmc\fabric-api\fabric-data-attachment-api-v1-4abd26ae\1.8.48+eed0806f3e\fabric-data-attachment-api-v1-4abd26ae-1.8.48+eed0806f3e.jar to classpath.
[10:53:39] [main/DEBUG] (FabricLoader/Knot) Adding C:\Users\daniel\Desktop\Fishblocker-Mod\Fishblocker\.gradle\loom-cache\remapped_mods\remapped\net\fabricmc\fabric-api\fabric-object-builder-api-v1-4abd26ae\21.1.40+4fc5413f3e\fabric-object-builder-api-v1-4abd26ae-21.1.40+4fc5413f3e.jar to classpath.
[10:53:39] [main/DEBUG] (FabricLoader/Knot) Adding C:\Users\daniel\Desktop\Fishblocker-Mod\Fishblocker\.gradle\loom-cache\remapped_mods\remapped\net\fabricmc\fabric-api\fabric-dimensions-v1-4abd26ae\4.0.28+4fc5413f3e\fabric-dimensions-v1-4abd26ae-4.0.28+4fc5413f3e.jar to classpath.
[10:53:39] [main/DEBUG] (FabricLoader/Knot) Adding C:\Users\daniel\Desktop\Fishblocker-Mod\Fishblocker\.gradle\loom-cache\remapped_mods\remapped\net\fabricmc\fabric-api\fabric-transfer-api-v1-4abd26ae\6.0.25+4fc5413f3e\fabric-transfer-api-v1-4abd26ae-6.0.25+4fc5413f3e.jar to classpath.
[10:53:39] [main/DEBUG] (FabricLoader/Knot) Adding C:\Users\daniel\Desktop\Fishblocker-Mod\Fishblocker\.gradle\loom-cache\remapped_mods\remapped\net\fabricmc\fabric-api\fabric-convention-tags-v2-4abd26ae\2.17.3+8ef948ba3e\fabric-convention-tags-v2-4abd26ae-2.17.3+8ef948ba3e.jar to classpath.
[10:53:39] [main/DEBUG] (FabricLoader/Knot) Adding C:\Users\daniel\Desktop\Fishblocker-Mod\Fishblocker\.gradle\loom-cache\remapped_mods\remapped\net\fabricmc\fabric-api\fabric-resource-loader-v1-4abd26ae\1.0.10+78c8b4663e\fabric-resource-loader-v1-4abd26ae-1.0.10+78c8b4663e.jar to classpath.
[10:53:39] [main/DEBUG] (FabricLoader/Knot) Adding C:\Users\daniel\Desktop\Fishblocker-Mod\Fishblocker\.gradle\loom-cache\remapped_mods\remapped\net\fabricmc\fabric-api\fabric-message-api-v1-4abd26ae\6.1.12+4ebb5c083e\fabric-message-api-v1-4abd26ae-6.1.12+4ebb5c083e.jar to classpath.
[10:53:39] [main/DEBUG] (FabricLoader/Knot) Adding C:\Users\daniel\Desktop\Fishblocker-Mod\Fishblocker\.gradle\loom-cache\remapped_mods\remapped\net\fabricmc\fabric-api\fabric-block-api-v1-4abd26ae\1.1.10+4ebb5c083e\fabric-block-api-v1-4abd26ae-1.1.10+4ebb5c083e.jar to classpath.
[10:53:39] [main/DEBUG] (FabricLoader/Knot) Adding C:\Users\daniel\Desktop\Fishblocker-Mod\Fishblocker\.gradle\loom-cache\remapped_mods\remapped\net\fabricmc\fabric-api\fabric-block-view-api-v2-4abd26ae\1.0.39+4ebb5c083e\fabric-block-view-api-v2-4abd26ae-1.0.39+4ebb5c083e.jar to classpath.
[10:53:39] [main/DEBUG] (FabricLoader/Knot) Adding C:\Users\daniel\Desktop\Fishblocker-Mod\Fishblocker\build\resources\main to classpath.
[10:53:39] [main/DEBUG] (FabricLoader/Knot) Adding C:\Users\daniel\Desktop\Fishblocker-Mod\Fishblocker\.gradle\loom-cache\remapped_mods\remapped\net\fabricmc\fabric-api\fabric-registry-sync-v0-4abd26ae\6.2.6+1718722b3e\fabric-registry-sync-v0-4abd26ae-6.2.6+1718722b3e.jar to classpath.
[10:53:39] [main/DEBUG] (FabricLoader/Knot) Adding C:\Users\daniel\Desktop\Fishblocker-Mod\Fishblocker\.gradle\loom-cache\remapped_mods\remapped\net\fabricmc\fabric-api\fabric-entity-events-v1-4abd26ae\3.1.1+1d0ab4303e\fabric-entity-events-v1-4abd26ae-3.1.1+1d0ab4303e.jar to classpath.
[10:53:39] [main/DEBUG] (FabricLoader/Knot) Adding C:\Users\daniel\Desktop\Fishblocker-Mod\Fishblocker\.gradle\loom-cache\remapped_mods\remapped\net\fabricmc\fabric-api\fabric-item-group-api-v1-4abd26ae\4.2.36+4fc5413f3e\fabric-item-group-api-v1-4abd26ae-4.2.36+4fc5413f3e.jar to classpath.
[10:53:39] [main/DEBUG] (FabricLoader/Knot) Adding C:\Users\daniel\Desktop\Fishblocker-Mod\Fishblocker\.gradle\loom-cache\remapped_mods\remapped\net\fabricmc\fabric-api\fabric-game-rule-api-v1-4abd26ae\2.0.3+4fc5413f3e\fabric-game-rule-api-v1-4abd26ae-2.0.3+4fc5413f3e.jar to classpath.
[10:53:39] [main/DEBUG] (FabricLoader/Knot) Adding C:\Users\daniel\Desktop\Fishblocker-Mod\Fishblocker\.gradle\loom-cache\remapped_mods\remapped\net\fabricmc\fabric-api\fabric-screen-handler-api-v1-4abd26ae\1.3.162+4fc5413f3e\fabric-screen-handler-api-v1-4abd26ae-1.3.162+4fc5413f3e.jar to classpath.
[10:53:39] [main/DEBUG] (FabricLoader/Knot) Adding C:\Users\daniel\Desktop\Fishblocker-Mod\Fishblocker\.gradle\loom-cache\remapped_mods\remapped\net\fabricmc\fabric-api\fabric-sound-api-v1-4abd26ae\1.0.51+4fc5413f3e\fabric-sound-api-v1-4abd26ae-1.0.51+4fc5413f3e.jar to classpath.
[10:53:39] [main/DEBUG] (FabricLoader/Knot) Adding C:\Users\daniel\.gradle\caches\modules-2\files-2.1\org.notenoughupdates.moulconfig\modern-1.21.11\4.7.2\286f0d12aaf2c71fd87bb59c59be504ca01a6ed\modern-1.21.11-4.7.2.jar to classpath.
[10:53:39] [main/DEBUG] (FabricLoader/Knot) Adding C:\Users\daniel\Desktop\Fishblocker-Mod\Fishblocker\.gradle\loom-cache\remapped_mods\remapped\net\fabricmc\fabric-api\fabric-crash-report-info-v1-4abd26ae\0.3.23+4ebb5c083e\fabric-crash-report-info-v1-4abd26ae-0.3.23+4ebb5c083e.jar to classpath.
[10:53:39] [main/DEBUG] (FabricLoader/Knot) Adding C:\Users\daniel\Desktop\Fishblocker-Mod\Fishblocker\.gradle\loom-cache\remapped_mods\remapped\net\fabricmc\fabric-api\fabric-biome-api-v1-4abd26ae\17.1.1+4fc5413f3e\fabric-biome-api-v1-4abd26ae-17.1.1+4fc5413f3e.jar to classpath.
[10:53:39] [main/DEBUG] (FabricLoader/Knot) Adding C:\Users\daniel\Desktop\Fishblocker-Mod\Fishblocker\.gradle\loom-cache\remapped_mods\remapped\net\fabricmc\fabric-api\fabric-key-binding-api-v1-4abd26ae\1.1.7+4fc5413f3e\fabric-key-binding-api-v1-4abd26ae-1.1.7+4fc5413f3e.jar to classpath.
[10:53:39] [main/DEBUG] (FabricLoader/Knot) Adding C:\Users\daniel\Desktop\Fishblocker-Mod\Fishblocker\.gradle\loom-cache\remapped_mods\remapped\net\fabricmc\fabric-api\fabric-transitive-access-wideners-v1-4abd26ae\7.1.0+014c8cec3e\fabric-transitive-access-wideners-v1-4abd26ae-7.1.0+014c8cec3e.jar to classpath.
[10:53:39] [main/DEBUG] (FabricLoader/Knot) Adding C:\Users\daniel\Desktop\Fishblocker-Mod\Fishblocker\.gradle\loom-cache\remapped_mods\remapped\net\fabricmc\fabric-api\fabric-data-generation-api-v1-4abd26ae\23.4.1+69974c4e3e\fabric-data-generation-api-v1-4abd26ae-23.4.1+69974c4e3e.jar to classpath.
[10:53:39] [main/DEBUG] (FabricLoader/Knot) Adding C:\Users\daniel\Desktop\Fishblocker-Mod\Fishblocker\.gradle\loom-cache\remapped_mods\remapped\net\fabricmc\fabric-api\fabric-rendering-fluids-v1-4abd26ae\3.1.43+4ebb5c083e\fabric-rendering-fluids-v1-4abd26ae-3.1.43+4ebb5c083e.jar to classpath.
[10:53:39] [main/DEBUG] (FabricLoader/Knot) Adding C:\Users\daniel\Desktop\Fishblocker-Mod\Fishblocker\.gradle\loom-cache\remapped_mods\remapped\net\fabricmc\fabric-api\fabric-events-interaction-v0-4abd26ae\4.1.1+3b89ecf63e\fabric-events-interaction-v0-4abd26ae-4.1.1+3b89ecf63e.jar to classpath.
[10:53:39] [main/DEBUG] (FabricLoader/Knot) Adding C:\Users\daniel\Desktop\Fishblocker-Mod\Fishblocker\.gradle\loom-cache\remapped_mods\remapped\net\fabricmc\fabric-api\fabric-tag-api-v1-4abd26ae\1.2.20+4fc5413f3e\fabric-tag-api-v1-4abd26ae-1.2.20+4fc5413f3e.jar to classpath.
[10:53:39] [main/DEBUG] (FabricLoader/Knot) Adding C:\Users\daniel\Desktop\Fishblocker-Mod\Fishblocker\.gradle\loom-cache\remapped_mods\remapped\net\fabricmc\fabric-api\fabric-api-base-4abd26ae\1.0.5+4ebb5c083e\fabric-api-base-4abd26ae-1.0.5+4ebb5c083e.jar to classpath.
[10:53:39] [main/DEBUG] (FabricLoader/Knot) Adding C:\Users\daniel\Desktop\Fishblocker-Mod\Fishblocker\.gradle\loom-cache\remapped_mods\remapped\net\fabricmc\fabric-api\fabric-resource-conditions-api-v1-4abd26ae\5.0.35+4fc5413f3e\fabric-resource-conditions-api-v1-4abd26ae-5.0.35+4fc5413f3e.jar to classpath.
[10:53:39] [main/DEBUG] (FabricLoader/Knot) Adding C:\Users\daniel\Desktop\Fishblocker-Mod\Fishblocker\.gradle\loom-cache\remapped_mods\remapped\net\fabricmc\fabric-api\fabric-convention-tags-v1-4abd26ae\2.1.55+7f945d5b3e\fabric-convention-tags-v1-4abd26ae-2.1.55+7f945d5b3e.jar to classpath.
[10:53:39] [main/DEBUG] (FabricLoader/Entrypoint) Registering new-style initializer net.fabricmc.fabric.impl.lookup.ApiLookupImpl for mod fabric-api-lookup-api-v1 (key main)
[10:53:39] [main/DEBUG] (FabricLoader/Entrypoint) Registering new-style initializer net.fabricmc.fabric.impl.client.rendering.hud.HudStatusBarHeightRegistryImpl for mod fabric-rendering-v1 (key client)
[10:53:39] [main/DEBUG] (FabricLoader/Entrypoint) Registering new-style initializer net.fabricmc.fabric.impl.client.indigo.Indigo for mod fabric-renderer-indigo (key client)
[10:53:39] [main/DEBUG] (FabricLoader/Entrypoint) Registering new-style initializer net.fabricmc.fabric.impl.client.particle.ExtendedBlockStateParticleEffectSyncClient for mod fabric-particles-v1 (key client)
[10:53:39] [main/DEBUG] (FabricLoader/Entrypoint) Registering new-style initializer net.fabricmc.fabric.impl.particle.ExtendedBlockStateParticleEffectSync for mod fabric-particles-v1 (key main)
[10:53:39] [main/DEBUG] (FabricLoader/Entrypoint) Registering new-style initializer net.fabricmc.fabric.impl.client.model.loading.CustomUnbakedBlockStateModelInit for mod fabric-model-loading-api-v1 (key client)
[10:53:39] [main/DEBUG] (FabricLoader/Entrypoint) Registering new-style initializer net.fabricmc.fabric.impl.client.event.lifecycle.ClientLifecycleEventsImpl for mod fabric-lifecycle-events-v1 (key client)
[10:53:39] [main/DEBUG] (FabricLoader/Entrypoint) Registering new-style initializer net.fabricmc.fabric.impl.event.lifecycle.LifecycleEventsImpl for mod fabric-lifecycle-events-v1 (key main)
[10:53:39] [main/DEBUG] (FabricLoader/Entrypoint) Registering new-style initializer net.fabricmc.fabric.impl.recipe.ingredient.client.CustomIngredientSyncClient for mod fabric-recipe-api-v1 (key client)
[10:53:39] [main/DEBUG] (FabricLoader/Entrypoint) Registering new-style initializer net.fabricmc.fabric.impl.recipe.sync.client.RecipeSyncImplClient for mod fabric-recipe-api-v1 (key client)
[10:53:39] [main/DEBUG] (FabricLoader/Entrypoint) Registering new-style initializer net.fabricmc.fabric.impl.recipe.ingredient.CustomIngredientInit for mod fabric-recipe-api-v1 (key main)
[10:53:39] [main/DEBUG] (FabricLoader/Entrypoint) Registering new-style initializer net.fabricmc.fabric.impl.recipe.ingredient.CustomIngredientSync for mod fabric-recipe-api-v1 (key main)
[10:53:39] [main/DEBUG] (FabricLoader/Entrypoint) Registering new-style initializer net.fabricmc.fabric.impl.recipe.sync.RecipeSyncImpl for mod fabric-recipe-api-v1 (key main)
[10:53:39] [main/DEBUG] (FabricLoader/Entrypoint) Registering new-style initializer net.fabricmc.fabric.impl.loot.v2.LootInitializer for mod fabric-loot-api-v2 (key main)
[10:53:39] [main/DEBUG] (FabricLoader/Entrypoint) Registering new-style initializer net.fabricmc.fabric.impl.networking.client.ClientNetworkingImpl::clientInit for mod fabric-networking-api-v1 (key client)
[10:53:39] [main/DEBUG] (FabricLoader/Entrypoint) Registering new-style initializer net.fabricmc.fabric.impl.networking.CommonPacketsImpl::init for mod fabric-networking-api-v1 (key main)
[10:53:39] [main/DEBUG] (FabricLoader/Entrypoint) Registering new-style initializer net.fabricmc.fabric.impl.networking.NetworkingImpl::init for mod fabric-networking-api-v1 (key main)
[10:53:39] [main/DEBUG] (FabricLoader/Entrypoint) Registering new-style initializer net.fabricmc.fabric.impl.gametest.FabricGameTestModInitializer for mod fabric-gametest-api-v1 (key main)
[10:53:39] [main/DEBUG] (FabricLoader/Entrypoint) Registering new-style initializer net.fabricmc.fabric.impl.renderer.DebugHudClient for mod fabric-renderer-api-v1 (key client)
[10:53:39] [main/DEBUG] (FabricLoader/Entrypoint) Registering new-style initializer net.fabricmc.fabric.impl.attachment.client.AttachmentSyncClient for mod fabric-data-attachment-api-v1 (key client)
[10:53:39] [main/DEBUG] (FabricLoader/Entrypoint) Registering new-style initializer net.fabricmc.fabric.impl.attachment.AttachmentEntrypoint for mod fabric-data-attachment-api-v1 (key main)
[10:53:39] [main/DEBUG] (FabricLoader/Entrypoint) Registering new-style initializer net.fabricmc.fabric.impl.attachment.sync.AttachmentSync for mod fabric-data-attachment-api-v1 (key main)
[10:53:39] [main/DEBUG] (FabricLoader/Entrypoint) Registering new-style initializer net.fabricmc.fabric.impl.tag.convention.v2.TranslationConventionLogWarnings for mod fabric-convention-tags-v2 (key main)
[10:53:39] [main/DEBUG] (FabricLoader/Entrypoint) Registering new-style initializer dev.donetasy.FishblockerClient for mod fishblocker (key client)
[10:53:39] [main/DEBUG] (FabricLoader/Entrypoint) Registering new-style initializer dev.donetasy.Fishblocker for mod fishblocker (key main)
[10:53:39] [main/DEBUG] (FabricLoader/Entrypoint) Registering new-style initializer net.fabricmc.fabric.impl.client.registry.sync.FabricRegistryClientInit for mod fabric-registry-sync-v0 (key client)
[10:53:39] [main/DEBUG] (FabricLoader/Entrypoint) Registering new-style initializer net.fabricmc.fabric.impl.registry.sync.FabricRegistryInit for mod fabric-registry-sync-v0 (key main)
[10:53:39] [main/DEBUG] (FabricLoader/Entrypoint) Registering new-style initializer net.fabricmc.fabric.impl.screenhandler.client.ClientNetworking for mod fabric-screen-handler-api-v1 (key client)
[10:53:39] [main/DEBUG] (FabricLoader/Entrypoint) Registering new-style initializer net.fabricmc.fabric.impl.screenhandler.Networking for mod fabric-screen-handler-api-v1 (key main)
[10:53:39] [main/DEBUG] (FabricLoader/Entrypoint) Registering new-style initializer net.fabricmc.fabric.impl.event.interaction.InteractionEventsRouter for mod fabric-events-interaction-v0 (key main)
[10:53:39] [main/DEBUG] (FabricLoader/Entrypoint) Registering new-style initializer net.fabricmc.fabric.impl.tag.TagInit for mod fabric-tag-api-v1 (key main)
[10:53:39] [main/DEBUG] (FabricLoader/Entrypoint) Registering new-style initializer net.fabricmc.fabric.impl.resource.conditions.ResourceConditionsImpl for mod fabric-resource-conditions-api-v1 (key main)
[10:53:39] [main/DEBUG] (FabricLoader/Entrypoint) Registering new-style initializer net.fabricmc.fabric.impl.tag.convention.ConventionLogWarnings for mod fabric-convention-tags-v1 (key main)
[10:53:39] [main/ERROR] (FabricLoader) Uncaught exception in thread "main"
java.lang.RuntimeException: Failed to read classTweaker file from mod libninepatch
	at net.fabricmc.loader.impl.FabricLoaderImpl.loadClassTweakers(FabricLoaderImpl.java:538)
	at net.fabricmc.loader.impl.launch.knot.Knot.init(Knot.java:145)
	at net.fabricmc.loader.impl.launch.knot.Knot.launch(Knot.java:66)
	at net.fabricmc.loader.impl.launch.knot.KnotClient.main(KnotClient.java:23)
	at net.fabricmc.devlaunchinjector.Main.main(Main.java:86)
Caused by: net.fabricmc.loader.impl.lib.classtweaker.reader.ClassTweakerFormatException: Namespace (intermediary) does not match current runtime namespace (named)
	at net.fabricmc.loader.impl.lib.classtweaker.reader.ClassTweakerReaderImpl.error(ClassTweakerReaderImpl.java:320)
	at net.fabricmc.loader.impl.lib.classtweaker.reader.ClassTweakerReaderImpl.read(ClassTweakerReaderImpl.java:93)
	at net.fabricmc.loader.impl.FabricLoaderImpl.loadClassTweakers(FabricLoaderImpl.java:536)
	... 4 more
